08-Jun-2015 18:40:53.089 INFO [http-apr-8080-exec-7] org.apache.catalina.core.ApplicationContext.log HTMLManager: init: Associated with Deployer 'Catalina:type=Deployer,host=localhost'
08-Jun-2015 18:40:53.090 INFO [http-apr-8080-exec-7] org.apache.catalina.core.ApplicationContext.log HTMLManager: init: Global resources are available
08-Jun-2015 18:40:53.124 INFO [http-apr-8080-exec-7] org.apache.catalina.core.ApplicationContext.log HTMLManager: list: Listing contexts for virtual host 'localhost'
08-Jun-2015 18:41:02.589 INFO [http-apr-8080-exec-5] org.apache.catalina.core.ApplicationContext.log HTMLManager: undeploy: Undeploying web application at '/FileServer'
08-Jun-2015 18:41:03.237 INFO [http-apr-8080-exec-5] org.apache.catalina.core.ApplicationContext.log HTMLManager: list: Listing contexts for virtual host 'localhost'
08-Jun-2015 18:42:05.856 INFO [http-apr-8080-exec-10] org.apache.catalina.core.ApplicationContext.log HTMLManager: list: Listing contexts for virtual host 'localhost'
08-Jun-2015 18:44:00.856 INFO [http-apr-8080-exec-7] org.apache.catalina.core.ApplicationContext.log HTMLManager: list: Listing contexts for virtual host 'localhost'
08-Jun-2015 18:44:04.368 INFO [http-apr-8080-exec-16] org.apache.catalina.core.ApplicationContext.log HTMLManager: undeploy: Undeploying web application at '/fileServer'
08-Jun-2015 18:44:05.052 INFO [http-apr-8080-exec-16] org.apache.catalina.core.ApplicationContext.log HTMLManager: list: Listing contexts for virtual host 'localhost'
08-Jun-2015 18:44:12.009 INFO [http-apr-8080-exec-17] org.apache.catalina.core.ApplicationContext.log HTMLManager: list: Listing contexts for virtual host 'localhost'
08-Jun-2015 18:46:48.360 INFO [http-apr-8080-exec-23] org.apache.catalina.core.ApplicationContext.log HTMLManager: list: Listing contexts for virtual host 'localhost'
08-Jun-2015 18:46:51.865 INFO [http-apr-8080-exec-24] org.apache.catalina.core.ApplicationContext.log HTMLManager: undeploy: Undeploying web application at '/fileServer'
08-Jun-2015 18:46:51.895 INFO [http-apr-8080-exec-24] org.apache.catalina.core.ApplicationContext.log HTMLManager: list: Listing contexts for virtual host 'localhost'
08-Jun-2015 18:46:55.520 INFO [http-apr-8080-exec-14] org.apache.catalina.core.ApplicationContext.log HTMLManager: undeploy: Undeploying web application at '/fileServer'
08-Jun-2015 18:46:55.521 INFO [http-apr-8080-exec-14] org.apache.catalina.core.ApplicationContext.log HTMLManager: list: Listing contexts for virtual host 'localhost'
08-Jun-2015 18:47:01.084 INFO [http-apr-8080-exec-25] org.apache.catalina.core.ApplicationContext.log HTMLManager: list: Listing contexts for virtual host 'localhost'
08-Jun-2015 18:49:40.679 INFO [http-apr-8080-exec-30] org.apache.catalina.core.ApplicationContext.log HTMLManager: list: Listing contexts for virtual host 'localhost'
08-Jun-2015 18:49:43.748 INFO [http-apr-8080-exec-31] org.apache.catalina.core.ApplicationContext.log HTMLManager: undeploy: Undeploying web application at '/fileServer'
08-Jun-2015 18:49:44.303 INFO [http-apr-8080-exec-31] org.apache.catalina.core.ApplicationContext.log HTMLManager: list: Listing contexts for virtual host 'localhost'
08-Jun-2015 18:49:50.287 INFO [http-apr-8080-exec-32] org.apache.catalina.core.ApplicationContext.log HTMLManager: list: Listing contexts for virtual host 'localhost'
08-Jun-2015 19:20:07.221 INFO [http-apr-8080-exec-3] org.apache.catalina.core.ApplicationContext.log HTMLManager: init: Associated with Deployer 'Catalina:type=Deployer,host=localhost'
08-Jun-2015 19:20:07.222 INFO [http-apr-8080-exec-3] org.apache.catalina.core.ApplicationContext.log HTMLManager: init: Global resources are available
08-Jun-2015 19:20:07.255 INFO [http-apr-8080-exec-3] org.apache.catalina.core.ApplicationContext.log HTMLManager: list: Listing contexts for virtual host 'localhost'
08-Jun-2015 19:22:36.130 INFO [http-apr-8080-exec-6] org.apache.catalina.core.ApplicationContext.log HTMLManager: list: Listing contexts for virtual host 'localhost'
08-Jun-2015 19:22:38.889 INFO [http-apr-8080-exec-7] org.apache.catalina.core.ApplicationContext.log HTMLManager: undeploy: Undeploying web application at '/fileServer'
08-Jun-2015 19:22:39.534 INFO [http-apr-8080-exec-7] org.apache.catalina.core.ApplicationContext.log HTMLManager: list: Listing contexts for virtual host 'localhost'
08-Jun-2015 19:22:48.356 INFO [http-apr-8080-exec-5] org.apache.catalina.core.ApplicationContext.log HTMLManager: list: Listing contexts for virtual host 'localhost'
